Solid Edge Translation to STL
Date: Thursday,April 03,2025 11:53AM
Source File:C:\Users\acer\Documents\GITHUB\DigiFab_project\models\f2.par
Source System: SOLID EDGE

Hardware:
Processor: Intel(R) Core(TM) i5-7300HQ CPU @ 2.50GHz
Operating System: Windows 10
Installed Memory: 15.88 GB

Software Information:
Parasolid Version: 36.0.142
PSBodyshop Version: 36.0.108
STL Adapter Version: 13.0.193
Solid Edge Version: 224.00.00.101 x64

STL Export Options:
Output File Format:BINARY
Export Displayed Parts:Off
structureOption: Monolithic
Export Units:Inch
Export Tolerance Value:0.050000
Export Tolerance Type:Custom
Export Surface Plane Angle Value:0.523599

Translation progress:
Translation process completed
Time required to translate:00 : 00 : 01
